<?xml version="1.0" encoding="UTF-8"?>
<testsuite xmlns:xsi="http://www.w3.org/2001/XMLSchema-instance" xsi:noNamespaceSchemaLocation="https://maven.apache.org/surefire/maven-surefire-plugin/xsd/surefire-test-report.xsd" name="com.mycompany.app.AppTest" time="0.073" tests="1" errors="0" skipped="0" failures="0">
  <properties>
    <property name="sun.desktop" value="windows"/>
    <property name="awt.toolkit" value="sun.awt.windows.WToolkit"/>
    <property name="java.specification.version" value="12"/>
    <property name="sun.cpu.isalist" value="amd64"/>
    <property name="sun.jnu.encoding" value="Cp1252"/>
    <property name="java.class.path" value="C:\Users\12676\Documents\Work\Research\my-app\target\test-classes;C:\Users\12676\Documents\Work\Research\my-app\target\classes;C:\Users\12676\.m2\repository\junit\junit\4.11\junit-4.11.jar;C:\Users\12676\.m2\repository\org\hamcrest\hamcrest-core\1.3\hamcrest-core-1.3.jar;C:\Users\12676\.m2\repository\org\mock-server\mockserver-netty\5.11.1\mockserver-netty-5.11.1.jar;C:\Users\12676\.m2\repository\org\mock-server\mockserver-client-java\5.11.1\mockserver-client-java-5.11.1.jar;C:\Users\12676\.m2\repository\org\apache\commons\commons-lang3\3.10\commons-lang3-3.10.jar;C:\Users\12676\.m2\repository\org\mock-server\mockserver-core\5.11.1\mockserver-core-5.11.1.jar;C:\Users\12676\.m2\repository\com\lmax\disruptor\3.4.2\disruptor-3.4.2.jar;C:\Users\12676\.m2\repository\javax\servlet\javax.servlet-api\4.0.1\javax.servlet-api-4.0.1.jar;C:\Users\12676\.m2\repository\io\netty\netty-codec-socks\4.1.50.Final\netty-codec-socks-4.1.50.Final.jar;C:\Users\12676\.m2\repository\io\netty\netty-handler-proxy\4.1.50.Final\netty-handler-proxy-4.1.50.Final.jar;C:\Users\12676\.m2\repository\com\jcraft\jzlib\1.1.3\jzlib-1.1.3.jar;C:\Users\12676\.m2\repository\com\fasterxml\uuid\java-uuid-generator\4.0\java-uuid-generator-4.0.jar;C:\Users\12676\.m2\repository\org\apache\velocity\velocity-engine-scripting\2.2\velocity-engine-scripting-2.2.jar;C:\Users\12676\.m2\repository\org\apache\velocity\velocity-engine-core\2.2\velocity-engine-core-2.2.jar;C:\Users\12676\.m2\repository\com\fasterxml\jackson\core\jackson-core\2.10.4\jackson-core-2.10.4.jar;C:\Users\12676\.m2\repository\com\fasterxml\jackson\core\jackson-annotations\2.10.4\jackson-annotations-2.10.4.jar;C:\Users\12676\.m2\repository\com\fasterxml\jackson\core\jackson-databind\2.10.4\jackson-databind-2.10.4.jar;C:\Users\12676\.m2\repository\net\javacrumbs\json-unit\json-unit-core\2.14.0\json-unit-core-2.14.0.jar;C:\Users\12676\.m2\repository\org\opentest4j\opentest4j\1.1.1\opentest4j-1.1.1.jar;C:\Users\12676\.m2\repository\com\github\java-json-tools\json-schema-validator\2.2.14\json-schema-validator-2.2.14.jar;C:\Users\12676\.m2\repository\com\github\java-json-tools\jackson-coreutils-equivalence\1.0\jackson-coreutils-equivalence-1.0.jar;C:\Users\12676\.m2\repository\com\github\java-json-tools\jackson-coreutils\2.0\jackson-coreutils-2.0.jar;C:\Users\12676\.m2\repository\com\github\java-json-tools\msg-simple\1.2\msg-simple-1.2.jar;C:\Users\12676\.m2\repository\com\github\java-json-tools\btf\1.3\btf-1.3.jar;C:\Users\12676\.m2\repository\com\github\java-json-tools\json-schema-core\1.2.14\json-schema-core-1.2.14.jar;C:\Users\12676\.m2\repository\com\github\java-json-tools\uri-template\0.10\uri-template-0.10.jar;C:\Users\12676\.m2\repository\org\mozilla\rhino\1.7.7.2\rhino-1.7.7.2.jar;C:\Users\12676\.m2\repository\com\sun\mail\mailapi\1.6.2\mailapi-1.6.2.jar;C:\Users\12676\.m2\repository\joda-time\joda-time\2.10.5\joda-time-2.10.5.jar;C:\Users\12676\.m2\repository\com\googlecode\libphonenumber\libphonenumber\8.11.1\libphonenumber-8.11.1.jar;C:\Users\12676\.m2\repository\net\sf\jopt-simple\jopt-simple\5.0.4\jopt-simple-5.0.4.jar;C:\Users\12676\.m2\repository\com\jayway\jsonpath\json-path\2.4.0\json-path-2.4.0.jar;C:\Users\12676\.m2\repository\net\minidev\json-smart\2.3\json-smart-2.3.jar;C:\Users\12676\.m2\repository\net\minidev\accessors-smart\1.2\accessors-smart-1.2.jar;C:\Users\12676\.m2\repository\org\ow2\asm\asm\5.0.4\asm-5.0.4.jar;C:\Users\12676\.m2\repository\io\swagger\parser\v3\swagger-parser\2.0.20\swagger-parser-2.0.20.jar;C:\Users\12676\.m2\repository\io\swagger\parser\v3\swagger-parser-v2-converter\2.0.20\swagger-parser-v2-converter-2.0.20.jar;C:\Users\12676\.m2\repository\io\swagger\swagger-core\1.6.1\swagger-core-1.6.1.jar;C:\Users\12676\.m2\repository\io\swagger\swagger-models\1.6.1\swagger-models-1.6.1.jar;C:\Users\12676\.m2\repository\io\swagger\swagger-annotations\1.6.1\swagger-annotations-1.6.1.jar;C:\Users\12676\.m2\repository\javax\validation\validation-api\1.1.0.Final\validation-api-1.1.0.Final.jar;C:\Users\12676\.m2\repository\io\swagger\swagger-parser\1.0.51\swagger-parser-1.0.51.jar;C:\Users\12676\.m2\repository\io\swagger\swagger-compat-spec-parser\1.0.51\swagger-compat-spec-parser-1.0.51.jar;C:\Users\12676\.m2\repository\org\apache\httpcomponents\httpclient\4.5.2\httpclient-4.5.2.jar;C:\Users\12676\.m2\repository\org\apache\httpcomponents\httpcore\4.4.4\httpcore-4.4.4.jar;C:\Users\12676\.m2\repository\commons-logging\commons-logging\1.2\commons-logging-1.2.jar;C:\Users\12676\.m2\repository\io\swagger\core\v3\swagger-models\2.1.2\swagger-models-2.1.2.jar;C:\Users\12676\.m2\repository\io\swagger\parser\v3\swagger-parser-core\2.0.20\swagger-parser-core-2.0.20.jar;C:\Users\12676\.m2\repository\io\swagger\parser\v3\swagger-parser-v3\2.0.20\swagger-parser-v3-2.0.20.jar;C:\Users\12676\.m2\repository\io\swagger\core\v3\swagger-core\2.1.2\swagger-core-2.1.2.jar;C:\Users\12676\.m2\repository\jakarta\xml\bind\jakarta.xml.bind-api\2.3.2\jakarta.xml.bind-api-2.3.2.jar;C:\Users\12676\.m2\repository\jakarta\activation\jakarta.activation-api\1.2.1\jakarta.activation-api-1.2.1.jar;C:\Users\12676\.m2\repository\com\fasterxml\jackson\datatype\jackson-datatype-jsr310\2.10.1\jackson-datatype-jsr310-2.10.1.jar;C:\Users\12676\.m2\repository\io\swagger\core\v3\swagger-annotations\2.1.2\swagger-annotations-2.1.2.jar;C:\Users\12676\.m2\repository\jakarta\validation\jakarta.validation-api\2.0.2\jakarta.validation-api-2.0.2.jar;C:\Users\12676\.m2\repository\com\fasterxml\jackson\dataformat\jackson-dataformat-yaml\2.10.2\jackson-dataformat-yaml-2.10.2.jar;C:\Users\12676\.m2\repository\org\yaml\snakeyaml\1.24\snakeyaml-1.24.jar;C:\Users\12676\.m2\repository\org\slf4j\slf4j-ext\1.7.30\slf4j-ext-1.7.30.jar;C:\Users\12676\.m2\repository\javax\xml\bind\jaxb-api\2.4.0-b180830.0359\jaxb-api-2.4.0-b180830.0359.jar;C:\Users\12676\.m2\repository\javax\activation\javax.activation-api\1.2.0\javax.activation-api-1.2.0.jar;C:\Users\12676\.m2\repository\org\xmlunit\xmlunit-core\2.7.0\xmlunit-core-2.7.0.jar;C:\Users\12676\.m2\repository\org\xmlunit\xmlunit-placeholders\2.7.0\xmlunit-placeholders-2.7.0.jar;C:\Users\12676\.m2\repository\org\apache\commons\commons-text\1.8\commons-text-1.8.jar;C:\Users\12676\.m2\repository\commons-codec\commons-codec\1.14\commons-codec-1.14.jar;C:\Users\12676\.m2\repository\io\netty\netty-buffer\4.1.50.Final\netty-buffer-4.1.50.Final.jar;C:\Users\12676\.m2\repository\io\netty\netty-codec\4.1.50.Final\netty-codec-4.1.50.Final.jar;C:\Users\12676\.m2\repository\io\netty\netty-codec-http\4.1.50.Final\netty-codec-http-4.1.50.Final.jar;C:\Users\12676\.m2\repository\io\netty\netty-common\4.1.50.Final\netty-common-4.1.50.Final.jar;C:\Users\12676\.m2\repository\io\netty\netty-handler\4.1.50.Final\netty-handler-4.1.50.Final.jar;C:\Users\12676\.m2\repository\io\netty\netty-resolver\4.1.50.Final\netty-resolver-4.1.50.Final.jar;C:\Users\12676\.m2\repository\io\netty\netty-transport\4.1.50.Final\netty-transport-4.1.50.Final.jar;C:\Users\12676\.m2\repository\commons-io\commons-io\2.7\commons-io-2.7.jar;C:\Users\12676\.m2\repository\com\google\guava\guava\28.2-android\guava-28.2-android.jar;C:\Users\12676\.m2\repository\com\google\guava\failureaccess\1.0.1\failureaccess-1.0.1.jar;C:\Users\12676\.m2\repository\com\google\guava\listenablefuture\9999.0-empty-to-avoid-conflict-with-guava\listenablefuture-9999.0-empty-to-avoid-conflict-with-guava.jar;C:\Users\12676\.m2\repository\com\google\code\findbugs\jsr305\3.0.2\jsr305-3.0.2.jar;C:\Users\12676\.m2\repository\org\checkerframework\checker-compat-qual\2.5.5\checker-compat-qual-2.5.5.jar;C:\Users\12676\.m2\repository\com\google\errorprone\error_prone_annotations\2.3.4\error_prone_annotations-2.3.4.jar;C:\Users\12676\.m2\repository\com\google\j2objc\j2objc-annotations\1.3\j2objc-annotations-1.3.jar;C:\Users\12676\.m2\repository\org\slf4j\slf4j-api\1.7.30\slf4j-api-1.7.30.jar;"/>
    <property name="java.vm.vendor" value="Oracle Corporation"/>
    <property name="sun.arch.data.model" value="64"/>
    <property name="user.variant" value=""/>
    <property name="java.vendor.url" value="https://java.oracle.com/"/>
    <property name="user.timezone" value="America/Phoenix"/>
    <property name="os.name" value="Windows 10"/>
    <property name="java.vm.specification.version" value="12"/>
    <property name="sun.java.launcher" value="SUN_STANDARD"/>
    <property name="user.country" value="US"/>
    <property name="sun.boot.library.path" value="C:\Program Files\Java\jdk-12.0.2\bin"/>
    <property name="sun.java.command" value="C:\Users\12676\AppData\Local\Temp\surefire12382732069338139972\surefirebooter9316833591993892451.jar C:\Users\12676\AppData\Local\Temp\surefire12382732069338139972 2020-12-07T16-14-52_436-jvmRun1 surefire17996938686519536615tmp surefire_01774455627829919942tmp"/>
    <property name="jdk.debug" value="release"/>
    <property name="surefire.test.class.path" value="C:\Users\12676\Documents\Work\Research\my-app\target\test-classes;C:\Users\12676\Documents\Work\Research\my-app\target\classes;C:\Users\12676\.m2\repository\junit\junit\4.11\junit-4.11.jar;C:\Users\12676\.m2\repository\org\hamcrest\hamcrest-core\1.3\hamcrest-core-1.3.jar;C:\Users\12676\.m2\repository\org\mock-server\mockserver-netty\5.11.1\mockserver-netty-5.11.1.jar;C:\Users\12676\.m2\repository\org\mock-server\mockserver-client-java\5.11.1\mockserver-client-java-5.11.1.jar;C:\Users\12676\.m2\repository\org\apache\commons\commons-lang3\3.10\commons-lang3-3.10.jar;C:\Users\12676\.m2\repository\org\mock-server\mockserver-core\5.11.1\mockserver-core-5.11.1.jar;C:\Users\12676\.m2\repository\com\lmax\disruptor\3.4.2\disruptor-3.4.2.jar;C:\Users\12676\.m2\repository\javax\servlet\javax.servlet-api\4.0.1\javax.servlet-api-4.0.1.jar;C:\Users\12676\.m2\repository\io\netty\netty-codec-socks\4.1.50.Final\netty-codec-socks-4.1.50.Final.jar;C:\Users\12676\.m2\repository\io\netty\netty-handler-proxy\4.1.50.Final\netty-handler-proxy-4.1.50.Final.jar;C:\Users\12676\.m2\repository\com\jcraft\jzlib\1.1.3\jzlib-1.1.3.jar;C:\Users\12676\.m2\repository\com\fasterxml\uuid\java-uuid-generator\4.0\java-uuid-generator-4.0.jar;C:\Users\12676\.m2\repository\org\apache\velocity\velocity-engine-scripting\2.2\velocity-engine-scripting-2.2.jar;C:\Users\12676\.m2\repository\org\apache\velocity\velocity-engine-core\2.2\velocity-engine-core-2.2.jar;C:\Users\12676\.m2\repository\com\fasterxml\jackson\core\jackson-core\2.10.4\jackson-core-2.10.4.jar;C:\Users\12676\.m2\repository\com\fasterxml\jackson\core\jackson-annotations\2.10.4\jackson-annotations-2.10.4.jar;C:\Users\12676\.m2\repository\com\fasterxml\jackson\core\jackson-databind\2.10.4\jackson-databind-2.10.4.jar;C:\Users\12676\.m2\repository\net\javacrumbs\json-unit\json-unit-core\2.14.0\json-unit-core-2.14.0.jar;C:\Users\12676\.m2\repository\org\opentest4j\opentest4j\1.1.1\opentest4j-1.1.1.jar;C:\Users\12676\.m2\repository\com\github\java-json-tools\json-schema-validator\2.2.14\json-schema-validator-2.2.14.jar;C:\Users\12676\.m2\repository\com\github\java-json-tools\jackson-coreutils-equivalence\1.0\jackson-coreutils-equivalence-1.0.jar;C:\Users\12676\.m2\repository\com\github\java-json-tools\jackson-coreutils\2.0\jackson-coreutils-2.0.jar;C:\Users\12676\.m2\repository\com\github\java-json-tools\msg-simple\1.2\msg-simple-1.2.jar;C:\Users\12676\.m2\repository\com\github\java-json-tools\btf\1.3\btf-1.3.jar;C:\Users\12676\.m2\repository\com\github\java-json-tools\json-schema-core\1.2.14\json-schema-core-1.2.14.jar;C:\Users\12676\.m2\repository\com\github\java-json-tools\uri-template\0.10\uri-template-0.10.jar;C:\Users\12676\.m2\repository\org\mozilla\rhino\1.7.7.2\rhino-1.7.7.2.jar;C:\Users\12676\.m2\repository\com\sun\mail\mailapi\1.6.2\mailapi-1.6.2.jar;C:\Users\12676\.m2\repository\joda-time\joda-time\2.10.5\joda-time-2.10.5.jar;C:\Users\12676\.m2\repository\com\googlecode\libphonenumber\libphonenumber\8.11.1\libphonenumber-8.11.1.jar;C:\Users\12676\.m2\repository\net\sf\jopt-simple\jopt-simple\5.0.4\jopt-simple-5.0.4.jar;C:\Users\12676\.m2\repository\com\jayway\jsonpath\json-path\2.4.0\json-path-2.4.0.jar;C:\Users\12676\.m2\repository\net\minidev\json-smart\2.3\json-smart-2.3.jar;C:\Users\12676\.m2\repository\net\minidev\accessors-smart\1.2\accessors-smart-1.2.jar;C:\Users\12676\.m2\repository\org\ow2\asm\asm\5.0.4\asm-5.0.4.jar;C:\Users\12676\.m2\repository\io\swagger\parser\v3\swagger-parser\2.0.20\swagger-parser-2.0.20.jar;C:\Users\12676\.m2\repository\io\swagger\parser\v3\swagger-parser-v2-converter\2.0.20\swagger-parser-v2-converter-2.0.20.jar;C:\Users\12676\.m2\repository\io\swagger\swagger-core\1.6.1\swagger-core-1.6.1.jar;C:\Users\12676\.m2\repository\io\swagger\swagger-models\1.6.1\swagger-models-1.6.1.jar;C:\Users\12676\.m2\repository\io\swagger\swagger-annotations\1.6.1\swagger-annotations-1.6.1.jar;C:\Users\12676\.m2\repository\javax\validation\validation-api\1.1.0.Final\validation-api-1.1.0.Final.jar;C:\Users\12676\.m2\repository\io\swagger\swagger-parser\1.0.51\swagger-parser-1.0.51.jar;C:\Users\12676\.m2\repository\io\swagger\swagger-compat-spec-parser\1.0.51\swagger-compat-spec-parser-1.0.51.jar;C:\Users\12676\.m2\repository\org\apache\httpcomponents\httpclient\4.5.2\httpclient-4.5.2.jar;C:\Users\12676\.m2\repository\org\apache\httpcomponents\httpcore\4.4.4\httpcore-4.4.4.jar;C:\Users\12676\.m2\repository\commons-logging\commons-logging\1.2\commons-logging-1.2.jar;C:\Users\12676\.m2\repository\io\swagger\core\v3\swagger-models\2.1.2\swagger-models-2.1.2.jar;C:\Users\12676\.m2\repository\io\swagger\parser\v3\swagger-parser-core\2.0.20\swagger-parser-core-2.0.20.jar;C:\Users\12676\.m2\repository\io\swagger\parser\v3\swagger-parser-v3\2.0.20\swagger-parser-v3-2.0.20.jar;C:\Users\12676\.m2\repository\io\swagger\core\v3\swagger-core\2.1.2\swagger-core-2.1.2.jar;C:\Users\12676\.m2\repository\jakarta\xml\bind\jakarta.xml.bind-api\2.3.2\jakarta.xml.bind-api-2.3.2.jar;C:\Users\12676\.m2\repository\jakarta\activation\jakarta.activation-api\1.2.1\jakarta.activation-api-1.2.1.jar;C:\Users\12676\.m2\repository\com\fasterxml\jackson\datatype\jackson-datatype-jsr310\2.10.1\jackson-datatype-jsr310-2.10.1.jar;C:\Users\12676\.m2\repository\io\swagger\core\v3\swagger-annotations\2.1.2\swagger-annotations-2.1.2.jar;C:\Users\12676\.m2\repository\jakarta\validation\jakarta.validation-api\2.0.2\jakarta.validation-api-2.0.2.jar;C:\Users\12676\.m2\repository\com\fasterxml\jackson\dataformat\jackson-dataformat-yaml\2.10.2\jackson-dataformat-yaml-2.10.2.jar;C:\Users\12676\.m2\repository\org\yaml\snakeyaml\1.24\snakeyaml-1.24.jar;C:\Users\12676\.m2\repository\org\slf4j\slf4j-ext\1.7.30\slf4j-ext-1.7.30.jar;C:\Users\12676\.m2\repository\javax\xml\bind\jaxb-api\2.4.0-b180830.0359\jaxb-api-2.4.0-b180830.0359.jar;C:\Users\12676\.m2\repository\javax\activation\javax.activation-api\1.2.0\javax.activation-api-1.2.0.jar;C:\Users\12676\.m2\repository\org\xmlunit\xmlunit-core\2.7.0\xmlunit-core-2.7.0.jar;C:\Users\12676\.m2\repository\org\xmlunit\xmlunit-placeholders\2.7.0\xmlunit-placeholders-2.7.0.jar;C:\Users\12676\.m2\repository\org\apache\commons\commons-text\1.8\commons-text-1.8.jar;C:\Users\12676\.m2\repository\commons-codec\commons-codec\1.14\commons-codec-1.14.jar;C:\Users\12676\.m2\repository\io\netty\netty-buffer\4.1.50.Final\netty-buffer-4.1.50.Final.jar;C:\Users\12676\.m2\repository\io\netty\netty-codec\4.1.50.Final\netty-codec-4.1.50.Final.jar;C:\Users\12676\.m2\repository\io\netty\netty-codec-http\4.1.50.Final\netty-codec-http-4.1.50.Final.jar;C:\Users\12676\.m2\repository\io\netty\netty-common\4.1.50.Final\netty-common-4.1.50.Final.jar;C:\Users\12676\.m2\repository\io\netty\netty-handler\4.1.50.Final\netty-handler-4.1.50.Final.jar;C:\Users\12676\.m2\repository\io\netty\netty-resolver\4.1.50.Final\netty-resolver-4.1.50.Final.jar;C:\Users\12676\.m2\repository\io\netty\netty-transport\4.1.50.Final\netty-transport-4.1.50.Final.jar;C:\Users\12676\.m2\repository\commons-io\commons-io\2.7\commons-io-2.7.jar;C:\Users\12676\.m2\repository\com\google\guava\guava\28.2-android\guava-28.2-android.jar;C:\Users\12676\.m2\repository\com\google\guava\failureaccess\1.0.1\failureaccess-1.0.1.jar;C:\Users\12676\.m2\repository\com\google\guava\listenablefuture\9999.0-empty-to-avoid-conflict-with-guava\listenablefuture-9999.0-empty-to-avoid-conflict-with-guava.jar;C:\Users\12676\.m2\repository\com\google\code\findbugs\jsr305\3.0.2\jsr305-3.0.2.jar;C:\Users\12676\.m2\repository\org\checkerframework\checker-compat-qual\2.5.5\checker-compat-qual-2.5.5.jar;C:\Users\12676\.m2\repository\com\google\errorprone\error_prone_annotations\2.3.4\error_prone_annotations-2.3.4.jar;C:\Users\12676\.m2\repository\com\google\j2objc\j2objc-annotations\1.3\j2objc-annotations-1.3.jar;C:\Users\12676\.m2\repository\org\slf4j\slf4j-api\1.7.30\slf4j-api-1.7.30.jar;"/>
    <property name="sun.cpu.endian" value="little"/>
    <property name="user.home" value="C:\Users\12676"/>
    <property name="user.language" value="en"/>
    <property name="java.specification.vendor" value="Oracle Corporation"/>
    <property name="java.version.date" value="2019-07-16"/>
    <property name="java.home" value="C:\Program Files\Java\jdk-12.0.2"/>
    <property name="file.separator" value="\"/>
    <property name="basedir" value="C:\Users\12676\Documents\Work\Research\my-app"/>
    <property name="java.vm.compressedOopsMode" value="32-bit"/>
    <property name="line.separator" value="&#10;"/>
    <property name="java.vm.specification.vendor" value="Oracle Corporation"/>
    <property name="java.specification.name" value="Java Platform API Specification"/>
    <property name="java.awt.graphicsenv" value="sun.awt.Win32GraphicsEnvironment"/>
    <property name="surefire.real.class.path" value="C:\Users\12676\AppData\Local\Temp\surefire12382732069338139972\surefirebooter9316833591993892451.jar"/>
    <property name="user.script" value=""/>
    <property name="sun.management.compiler" value="HotSpot 64-Bit Tiered Compilers"/>
    <property name="java.runtime.version" value="12.0.2+10"/>
    <property name="user.name" value="12676"/>
    <property name="path.separator" value=";"/>
    <property name="os.version" value="10.0"/>
    <property name="java.runtime.name" value="Java(TM) SE Runtime Environment"/>
    <property name="file.encoding" value="Cp1252"/>
    <property name="java.vm.name" value="Java HotSpot(TM) 64-Bit Server VM"/>
    <property name="localRepository" value="C:\Users\12676\.m2\repository"/>
    <property name="java.vendor.url.bug" value="https://bugreport.java.com/bugreport/"/>
    <property name="java.io.tmpdir" value="C:\Users\12676\AppData\Local\Temp\"/>
    <property name="java.version" value="12.0.2"/>
    <property name="user.dir" value="C:\Users\12676\Documents\Work\Research\my-app"/>
    <property name="os.arch" value="amd64"/>
    <property name="java.vm.specification.name" value="Java Virtual Machine Specification"/>
    <property name="sun.os.patch.level" value=""/>
    <property name="java.library.path" value="C:\Program Files\Java\jdk-12.0.2\bin;C:\WINDOWS\Sun\Java\bin;C:\WINDOWS\system32;C:\WINDOWS;C:\Users\12676\bin;C:\Program Files\Git\mingw64\bin;C:\Program Files\Git\usr\local\bin;C:\Program Files\Git\usr\bin;C:\Program Files\Git\usr\bin;C:\Program Files\Git\mingw64\bin;C:\Program Files\Git\usr\bin;C:\Users\12676\bin;C:\Program Files (x86)\Common Files\Oracle\Java\javapath;C:\ProgramData\DockerDesktop\version-bin;C:\Program Files\Docker\Docker\Resources\bin;C:\Program Files\Python36\Scripts;C:\Program Files\Python36;C:\Program Files (x86)\Intel\Intel(R) Management Engine Components\iCLS;C:\Program Files\Intel\Intel(R) Management Engine Components\iCLS;C:\WINDOWS\system32;C:\WINDOWS;C:\WINDOWS\System32\Wbem;C:\WINDOWS\System32\WindowsPowerShell\v1.0;C:\WINDOWS\System32\OpenSSH;C:\Program Files\Git\cmd;C:\Users\12676\AppData\Local\Programs\Python\Python37-32;C:\Users\12676\AppData\Local\Programs\Python\Python37-32\Scripts;C:\Program Files\CMake\bin;C:\Program Files\Microsoft SQL Server\130\Tools\Binn;C:\Program Files (x86)\sbt\bin;C:\Program Files\nodejs;C:\Users\12676\AppData\Roaming\npm;C:\Program Files\Microsoft SQL Server\Client SDK\ODBC\130\Tools\Binn;C:\Program Files (x86)\Microsoft SQL Server\140\Tools\Binn;C:\Program Files\Microsoft SQL Server\140\Tools\Binn;C:\Program Files\Microsoft SQL Server\140\DTS\Binn;C:\Users\12676\Documents\php-7.3.3-nts-Win32-VC15-x64;C:\ProgramData\ComposerSetup\bin;C:\Program Files\Microsoft VS Code\bin;C:\Program Files\MiKTeX 2.9\miktex\bin\x64;C:\Users\12676\Downloads\Eller\apache-ant-1.9.14-bin\apache-ant-1.9.14\lib;C:\Program Files\Java\jdk-12.0.2\bin;C:\Program Files (x86)\GnuWin32\bin;C:\Users\12676\Downloads\Eller\LSTM implementation\apache-maven-3.6.2\bin;C:\Go\bin;C:\Users\12676\AppData\Roaming\Python\Python36\Scripts;C:\ProgramData\Anaconda3;C:\ProgramData\Anaconda3\Scripts;C:\Windows;C:\Users\12676\Documents\Work\apache-maven-3.6.3-bin.tar\apache-maven-3.6.3\bin;C:\adb\platform-tools_r30.0.5-windows\platform-tools;C:\gradle-6.7.1\bin;C:\sdk\platform-tools;C:\Program Files\dotnet;C:\Ruby25-x64\bin;C:\Users\12676\AppData\Local\Microsoft\WindowsApps;C:\Users\12676\AppData\Roaming\npm;C:\Users\12676\AppData\Roaming\Composer\vendor\bin;C:\Program Files\JetBrains\IntelliJ IDEA Community Edition 2018.3.5\bin;C:\Users\12676\go\bin;C:\Users\12676\AppData\Local\Programs\Microsoft VS Code\bin;C:\Users\12676\.dotnet\tools;C:\Program Files\Git\usr\bin\vendor_perl;C:\Program Files\Git\usr\bin\core_perl;."/>
    <property name="java.vm.info" value="mixed mode, sharing"/>
    <property name="java.vendor" value="Oracle Corporation"/>
    <property name="java.vm.version" value="12.0.2+10"/>
    <property name="sun.io.unicode.encoding" value="UnicodeLittle"/>
    <property name="java.class.version" value="56.0"/>
  </properties>
  <testcase name="shouldAnswerWithTrue" classname="com.mycompany.app.AppTest" time="0.003"/>
</testsuite>